2 2
3 2
4 4
5 5
8 8
9 8
10 10
13 12
16 16
20 20
25 25
32 32
36 35
40 40
50 50
63 62
64 64
80 80
100 100
125 125
160 160
200 200
250 250
313 312
320 320
400 400
500 500
604 603
625 625
800 800
829 828
1000 1000
1250 1250
1563 1562
1600 1600
2000 2000
2500 2500
3125 3125
4000 4000
5000 5000
6250 6250
7813 7812
8000 8000
10000 10000
12500 12500
14085 14084
15625 15625
20000 20000
25000 25000
31250 31250
40000 40000
50000 50000
58824 58823
62500 62500
100000 100000
125000 125000
200000 200000
250000 250000
500000 500000
